<?xml version="1.0" encoding="UTF-8"?>
<testsuite xmlns:xsi="http://www.w3.org/2001/XMLSchema-instance" xsi:noNamespaceSchemaLocation="https://maven.apache.org/surefire/maven-surefire-plugin/xsd/surefire-test-report-3.0.xsd" version="3.0" name="TestSuite" time="19.748" tests="5" errors="0" skipped="0" failures="0">
  <properties>
    <property name="gopherProxySet" value="false"/>
    <property name="awt.toolkit" value="sun.lwawt.macosx.LWCToolkit"/>
    <property name="file.encoding.pkg" value="sun.io"/>
    <property name="java.specification.version" value="1.8"/>
    <property name="webdriver.chrome.driver" value="/Users/sumith/Documents/Manju/Automation/Selenium/Project/SampleProject//src//main//java//resources//chromedriver2"/>
    <property name="sun.cpu.isalist" value=""/>
    <property name="sun.jnu.encoding" value="UTF-8"/>
    <property name="java.class.path" value="/Users/sumith/Documents/Manju/Automation/Selenium/Project/SampleProject/target/test-classes:/Users/sumith/Documents/Manju/Automation/Selenium/Project/SampleProject/target/classes:/Users/sumith/.m2/repository/org/seleniumhq/selenium/selenium-java/3.141.59/selenium-java-3.141.59.jar:/Users/sumith/.m2/repository/org/seleniumhq/selenium/selenium-api/3.141.59/selenium-api-3.141.59.jar:/Users/sumith/.m2/repository/org/seleniumhq/selenium/selenium-chrome-driver/3.141.59/selenium-chrome-driver-3.141.59.jar:/Users/sumith/.m2/repository/org/seleniumhq/selenium/selenium-edge-driver/3.141.59/selenium-edge-driver-3.141.59.jar:/Users/sumith/.m2/repository/org/seleniumhq/selenium/selenium-firefox-driver/3.141.59/selenium-firefox-driver-3.141.59.jar:/Users/sumith/.m2/repository/org/seleniumhq/selenium/selenium-ie-driver/3.141.59/selenium-ie-driver-3.141.59.jar:/Users/sumith/.m2/repository/org/seleniumhq/selenium/selenium-opera-driver/3.141.59/selenium-opera-driver-3.141.59.jar:/Users/sumith/.m2/repository/org/seleniumhq/selenium/selenium-remote-driver/3.141.59/selenium-remote-driver-3.141.59.jar:/Users/sumith/.m2/repository/org/seleniumhq/selenium/selenium-safari-driver/3.141.59/selenium-safari-driver-3.141.59.jar:/Users/sumith/.m2/repository/org/seleniumhq/selenium/selenium-support/3.141.59/selenium-support-3.141.59.jar:/Users/sumith/.m2/repository/net/bytebuddy/byte-buddy/1.8.15/byte-buddy-1.8.15.jar:/Users/sumith/.m2/repository/org/apache/commons/commons-exec/1.3/commons-exec-1.3.jar:/Users/sumith/.m2/repository/com/google/guava/guava/25.0-jre/guava-25.0-jre.jar:/Users/sumith/.m2/repository/com/google/code/findbugs/jsr305/1.3.9/jsr305-1.3.9.jar:/Users/sumith/.m2/repository/org/checkerframework/checker-compat-qual/2.0.0/checker-compat-qual-2.0.0.jar:/Users/sumith/.m2/repository/com/google/errorprone/error_prone_annotations/2.1.3/error_prone_annotations-2.1.3.jar:/Users/sumith/.m2/repository/com/google/j2objc/j2objc-annotations/1.1/j2objc-annotations-1.1.jar:/Users/sumith/.m2/repository/org/codehaus/mojo/animal-sniffer-annotations/1.14/animal-sniffer-annotations-1.14.jar:/Users/sumith/.m2/repository/com/squareup/okhttp3/okhttp/3.11.0/okhttp-3.11.0.jar:/Users/sumith/.m2/repository/com/squareup/okio/okio/1.14.0/okio-1.14.0.jar:/Users/sumith/.m2/repository/commons-io/commons-io/2.11.0/commons-io-2.11.0.jar:/Users/sumith/.m2/repository/com/aventstack/extentreports/5.0.1/extentreports-5.0.1.jar:/Users/sumith/.m2/repository/io/reactivex/rxjava3/rxjava/3.0.4/rxjava-3.0.4.jar:/Users/sumith/.m2/repository/org/reactivestreams/reactive-streams/1.0.3/reactive-streams-1.0.3.jar:/Users/sumith/.m2/repository/org/freemarker/freemarker/2.3.30/freemarker-2.3.30.jar:/Users/sumith/.m2/repository/org/projectlombok/lombok/1.18.12/lombok-1.18.12.jar:/Users/sumith/.m2/repository/com/google/code/gson/gson/2.8.6/gson-2.8.6.jar:/Users/sumith/.m2/repository/org/testng/testng/7.1.0/testng-7.1.0.jar:/Users/sumith/.m2/repository/com/beust/jcommander/1.72/jcommander-1.72.jar:/Users/sumith/.m2/repository/com/google/inject/guice/4.1.0/guice-4.1.0-no_aop.jar:/Users/sumith/.m2/repository/javax/inject/javax.inject/1/javax.inject-1.jar:/Users/sumith/.m2/repository/aopalliance/aopalliance/1.0/aopalliance-1.0.jar:/Users/sumith/.m2/repository/org/yaml/snakeyaml/1.21/snakeyaml-1.21.jar:/Users/sumith/.m2/repository/org/apache/logging/log4j/log4j-1.2-api/2.13.3/log4j-1.2-api-2.13.3.jar:/Users/sumith/.m2/repository/org/apache/logging/log4j/log4j-api/2.13.3/log4j-api-2.13.3.jar:/Users/sumith/.m2/repository/org/apache/logging/log4j/log4j-core/2.9.1/log4j-core-2.9.1.jar:"/>
    <property name="java.vm.vendor" value="Oracle Corporation"/>
    <property name="sun.arch.data.model" value="64"/>
    <property name="java.vendor.url" value="http://java.oracle.com/"/>
    <property name="user.timezone" value="America/Chicago"/>
    <property name="java.vm.specification.version" value="1.8"/>
    <property name="os.name" value="Mac OS X"/>
    <property name="user.country" value="US"/>
    <property name="sun.java.launcher" value="SUN_STANDARD"/>
    <property name="sun.boot.library.path" value="/Library/Java/JavaVirtualMachines/jdk1.8.0_171.jdk/Contents/Home/jre/lib"/>
    <property name="sun.java.command" value="/Users/sumith/Documents/Manju/Automation/Selenium/Project/SampleProject/target/surefire/surefirebooter4189335750307436280.jar /Users/sumith/Documents/Manju/Automation/Selenium/Project/SampleProject/target/surefire 2021-10-13T11-02-22_831-jvmRun1 surefire6908480420557816420tmp surefire_06176503062598250539tmp"/>
    <property name="http.nonProxyHosts" value="local|*.local|169.254/16|*.169.254/16"/>
    <property name="surefire.test.class.path" value="/Users/sumith/Documents/Manju/Automation/Selenium/Project/SampleProject/target/test-classes:/Users/sumith/Documents/Manju/Automation/Selenium/Project/SampleProject/target/classes:/Users/sumith/.m2/repository/org/seleniumhq/selenium/selenium-java/3.141.59/selenium-java-3.141.59.jar:/Users/sumith/.m2/repository/org/seleniumhq/selenium/selenium-api/3.141.59/selenium-api-3.141.59.jar:/Users/sumith/.m2/repository/org/seleniumhq/selenium/selenium-chrome-driver/3.141.59/selenium-chrome-driver-3.141.59.jar:/Users/sumith/.m2/repository/org/seleniumhq/selenium/selenium-edge-driver/3.141.59/selenium-edge-driver-3.141.59.jar:/Users/sumith/.m2/repository/org/seleniumhq/selenium/selenium-firefox-driver/3.141.59/selenium-firefox-driver-3.141.59.jar:/Users/sumith/.m2/repository/org/seleniumhq/selenium/selenium-ie-driver/3.141.59/selenium-ie-driver-3.141.59.jar:/Users/sumith/.m2/repository/org/seleniumhq/selenium/selenium-opera-driver/3.141.59/selenium-opera-driver-3.141.59.jar:/Users/sumith/.m2/repository/org/seleniumhq/selenium/selenium-remote-driver/3.141.59/selenium-remote-driver-3.141.59.jar:/Users/sumith/.m2/repository/org/seleniumhq/selenium/selenium-safari-driver/3.141.59/selenium-safari-driver-3.141.59.jar:/Users/sumith/.m2/repository/org/seleniumhq/selenium/selenium-support/3.141.59/selenium-support-3.141.59.jar:/Users/sumith/.m2/repository/net/bytebuddy/byte-buddy/1.8.15/byte-buddy-1.8.15.jar:/Users/sumith/.m2/repository/org/apache/commons/commons-exec/1.3/commons-exec-1.3.jar:/Users/sumith/.m2/repository/com/google/guava/guava/25.0-jre/guava-25.0-jre.jar:/Users/sumith/.m2/repository/com/google/code/findbugs/jsr305/1.3.9/jsr305-1.3.9.jar:/Users/sumith/.m2/repository/org/checkerframework/checker-compat-qual/2.0.0/checker-compat-qual-2.0.0.jar:/Users/sumith/.m2/repository/com/google/errorprone/error_prone_annotations/2.1.3/error_prone_annotations-2.1.3.jar:/Users/sumith/.m2/repository/com/google/j2objc/j2objc-annotations/1.1/j2objc-annotations-1.1.jar:/Users/sumith/.m2/repository/org/codehaus/mojo/animal-sniffer-annotations/1.14/animal-sniffer-annotations-1.14.jar:/Users/sumith/.m2/repository/com/squareup/okhttp3/okhttp/3.11.0/okhttp-3.11.0.jar:/Users/sumith/.m2/repository/com/squareup/okio/okio/1.14.0/okio-1.14.0.jar:/Users/sumith/.m2/repository/commons-io/commons-io/2.11.0/commons-io-2.11.0.jar:/Users/sumith/.m2/repository/com/aventstack/extentreports/5.0.1/extentreports-5.0.1.jar:/Users/sumith/.m2/repository/io/reactivex/rxjava3/rxjava/3.0.4/rxjava-3.0.4.jar:/Users/sumith/.m2/repository/org/reactivestreams/reactive-streams/1.0.3/reactive-streams-1.0.3.jar:/Users/sumith/.m2/repository/org/freemarker/freemarker/2.3.30/freemarker-2.3.30.jar:/Users/sumith/.m2/repository/org/projectlombok/lombok/1.18.12/lombok-1.18.12.jar:/Users/sumith/.m2/repository/com/google/code/gson/gson/2.8.6/gson-2.8.6.jar:/Users/sumith/.m2/repository/org/testng/testng/7.1.0/testng-7.1.0.jar:/Users/sumith/.m2/repository/com/beust/jcommander/1.72/jcommander-1.72.jar:/Users/sumith/.m2/repository/com/google/inject/guice/4.1.0/guice-4.1.0-no_aop.jar:/Users/sumith/.m2/repository/javax/inject/javax.inject/1/javax.inject-1.jar:/Users/sumith/.m2/repository/aopalliance/aopalliance/1.0/aopalliance-1.0.jar:/Users/sumith/.m2/repository/org/yaml/snakeyaml/1.21/snakeyaml-1.21.jar:/Users/sumith/.m2/repository/org/apache/logging/log4j/log4j-1.2-api/2.13.3/log4j-1.2-api-2.13.3.jar:/Users/sumith/.m2/repository/org/apache/logging/log4j/log4j-api/2.13.3/log4j-api-2.13.3.jar:/Users/sumith/.m2/repository/org/apache/logging/log4j/log4j-core/2.9.1/log4j-core-2.9.1.jar:"/>
    <property name="sun.cpu.endian" value="little"/>
    <property name="user.home" value="/Users/sumith"/>
    <property name="user.language" value="en"/>
    <property name="java.specification.vendor" value="Oracle Corporation"/>
    <property name="java.home" value="/Library/Java/JavaVirtualMachines/jdk1.8.0_171.jdk/Contents/Home/jre"/>
    <property name="basedir" value="/Users/sumith/Documents/Manju/Automation/Selenium/Project/SampleProject"/>
    <property name="file.separator" value="/"/>
    <property name="line.separator" value="&#10;"/>
    <property name="java.vm.specification.vendor" value="Oracle Corporation"/>
    <property name="java.specification.name" value="Java Platform API Specification"/>
    <property name="java.awt.graphicsenv" value="sun.awt.CGraphicsEnvironment"/>
    <property name="surefire.real.class.path" value="/Users/sumith/Documents/Manju/Automation/Selenium/Project/SampleProject/target/surefire/surefirebooter4189335750307436280.jar"/>
    <property name="sun.boot.class.path" value="/Library/Java/JavaVirtualMachines/jdk1.8.0_171.jdk/Contents/Home/jre/lib/resources.jar:/Library/Java/JavaVirtualMachines/jdk1.8.0_171.jdk/Contents/Home/jre/lib/rt.jar:/Library/Java/JavaVirtualMachines/jdk1.8.0_171.jdk/Contents/Home/jre/lib/sunrsasign.jar:/Library/Java/JavaVirtualMachines/jdk1.8.0_171.jdk/Contents/Home/jre/lib/jsse.jar:/Library/Java/JavaVirtualMachines/jdk1.8.0_171.jdk/Contents/Home/jre/lib/jce.jar:/Library/Java/JavaVirtualMachines/jdk1.8.0_171.jdk/Contents/Home/jre/lib/charsets.jar:/Library/Java/JavaVirtualMachines/jdk1.8.0_171.jdk/Contents/Home/jre/lib/jfr.jar:/Library/Java/JavaVirtualMachines/jdk1.8.0_171.jdk/Contents/Home/jre/classes"/>
    <property name="sun.management.compiler" value="HotSpot 64-Bit Tiered Compilers"/>
    <property name="ftp.nonProxyHosts" value="local|*.local|169.254/16|*.169.254/16"/>
    <property name="java.runtime.version" value="1.8.0_171-b11"/>
    <property name="user.name" value="sumith"/>
    <property name="path.separator" value=":"/>
    <property name="os.version" value="10.13.6"/>
    <property name="java.endorsed.dirs" value="/Library/Java/JavaVirtualMachines/jdk1.8.0_171.jdk/Contents/Home/jre/lib/endorsed"/>
    <property name="java.runtime.name" value="Java(TM) SE Runtime Environment"/>
    <property name="file.encoding" value="UTF-8"/>
    <property name="java.vm.name" value="Java HotSpot(TM) 64-Bit Server VM"/>
    <property name="localRepository" value="/Users/sumith/.m2/repository"/>
    <property name="java.vendor.url.bug" value="http://bugreport.sun.com/bugreport/"/>
    <property name="java.io.tmpdir" value="/var/folders/t8/d0ppgv212yn67q05jdfgx3000000gn/T/"/>
    <property name="java.version" value="1.8.0_171"/>
    <property name="user.dir" value="/Users/sumith/Documents/Manju/Automation/Selenium/Project/SampleProject"/>
    <property name="os.arch" value="x86_64"/>
    <property name="java.vm.specification.name" value="Java Virtual Machine Specification"/>
    <property name="java.awt.printerjob" value="sun.lwawt.macosx.CPrinterJob"/>
    <property name="sun.os.patch.level" value="unknown"/>
    <property name="java.library.path" value="/Users/sumith/Library/Java/Extensions:/Library/Java/Extensions:/Network/Library/Java/Extensions:/System/Library/Java/Extensions:/usr/lib/java:."/>
    <property name="java.vm.info" value="mixed mode"/>
    <property name="java.vendor" value="Oracle Corporation"/>
    <property name="org.freemarker.loggerLibrary" value="none"/>
    <property name="java.vm.version" value="25.171-b11"/>
    <property name="java.ext.dirs" value="/Users/sumith/Library/Java/Extensions:/Library/Java/JavaVirtualMachines/jdk1.8.0_171.jdk/Contents/Home/jre/lib/ext:/Library/Java/Extensions:/Network/Library/Java/Extensions:/System/Library/Java/Extensions:/usr/lib/java"/>
    <property name="sun.io.unicode.encoding" value="UnicodeBig"/>
    <property name="java.class.version" value="52.0"/>
    <property name="socksNonProxyHosts" value="local|*.local|169.254/16|*.169.254/16"/>
  </properties>
  <testcase name="homepageNavigation" classname="Application.SampleProject.validateTitle" time="5.222">
    <system-err><![CDATA[SSSttataratrirtntgii nCnghgr o CmCehDhrrriovoemmree DD9rr4ii.vve0re. r49 6490.460...6014. 640(664061..866b17 18(f 45(1883b874818b7f8e5f85d38038b8e1edcd060b9b1b1cbc66499ebb5bb144eeea5015e21a5e0221a5720127151828155474919181555-4r-9e1rf5es-f/rbesrf/asnb/crbhr-anhacehan-dchse/ha4-d6hs0e/64a@6{d0#s61/@2{40#46}10)62 0o@4n{ }#p)1o2 r0ot4n } 2p4)o5 r8ot2n 
2 O5np8lo7yr 8tl
o Ocn2al5ly  6l6coo5cna
nlO encclotynin oenlcsot icaoranels   acalorleno nweaedlc.lto
iwPoednl.se
 Paasrleee  aaslseleeo  wsehedte.t 
phPltset:p/sa://sc/ehc hrsoremoe emhedtdrtrpiisvv:ee/rr/..ccchhhrrrooommmeiiduurmmi..vooerrrgg.//csshreeoccmuuirruiim.ttoyyr--gcc/osonescinduserriiadtteiyor-nasct oifoonrns si sdfueogrgr eassttuiigoognnesss  ftooirno  nsksue geogpnei snktgei eoCpnhsir noognm  ekCeDhrreiopvmeiren Dgsr aiCfvhreeo.rm
e Dsriavfeer .s
afe.
CCChhrrhoormmoeeDDmrreiiDvvreeirrv  ewwraas  wssa tssa trsattreatdre tdse usdcu csceuccscesefssusslffluuyll.ll
y.y
.
Oct 13, 2021 11:02:27 AM org.openqa.selenium.remote.ProtocolHandshake createSession
INFO: Detected dialect: W3C
Oct 13, 2021 11:02:27 AM org.openqa.selenium.remote.ProtocolHandshake createSession
INFO: Detected dialect: W3C
Oct 13, 2021 11:02:27 AM org.openqa.selenium.remote.ProtocolHandshake createSession
INFO: Detected dialect: W3C
]]></system-err>
  </testcase>
  <testcase name="verifyHeader" classname="Application.SampleProject.validateTitle" time="0.03"/>
  <testcase name="homepageNavigation" classname="Application.SampleProject.ValidateMainMenu" time="1.289"/>
  <testcase name="homepageNavigation[abc@gmail.com, 1234](1)" classname="Application.SampleProject.LoginScenarios" time="7.255"/>
  <testcase name="homepageNavigation[qwe@gmail.com, 3214](2)" classname="Application.SampleProject.LoginScenarios" time="3.118"/>
</testsuite>