<?xml version="1.0" encoding="UTF-8"?>
<!-- Generated by org.testng.reporters.JUnitReportReporter -->
<testsuite skipped="0" hostname="Sumiths-MBP-2.attlocal.net" name="Application.SampleProject.HomePage" tests="2" failures="0" timestamp="2021-10-13T10:41:13 CDT" time="10.708" errors="0">
  <testcase name="homepageNavigation" time="2.807" classname="Application.SampleProject.HomePage"/>
  <system-out/>
  <testcase name="homepageNavigation" time="7.901" classname="Application.SampleProject.HomePage"/>
  <system-out/>
</testsuite> <!-- Application.SampleProject.HomePage -->
