<?xml version="1.0" encoding="UTF-8"?>
<!-- Generated by org.testng.reporters.JUnitReportReporter -->
<testsuite skipped="0" hostname="Sumiths-MBP-2.attlocal.net" name="Application.SampleProject.validateTitle" tests="2" failures="0" timestamp="2021-10-13T10:36:50 CDT" time="4.891" errors="0">
  <testcase name="verifyHeader" time="0.027" classname="Application.SampleProject.validateTitle"/>
  <system-out/>
  <testcase name="homepageNavigation" time="4.864" classname="Application.SampleProject.validateTitle"/>
  <system-out/>
</testsuite> <!-- Application.SampleProject.validateTitle -->
