<?xml version="1.0" encoding="UTF-8"?>
<!-- Generated by org.testng.reporters.JUnitReportReporter -->
<testsuite skipped="0" hostname="Sumiths-MBP-2.attlocal.net" name="Application.SampleProject.validateTitle" tests="1" failures="0" timestamp="2021-10-12T13:55:19 CDT" time="6.581" errors="0">
  <testcase name="homepageNavigation" time="6.581" classname="Application.SampleProject.validateTitle"/>
  <system-out/>
</testsuite> <!-- Application.SampleProject.validateTitle -->
