<?xml version="1.0" encoding="UTF-8"?>
<!-- Generated by org.testng.reporters.JUnitReportReporter -->
<testsuite skipped="0" hostname="Sumiths-MBP-2.attlocal.net" name="Application.SampleProject.LoginScenarios" tests="2" failures="0" timestamp="2021-10-13T11:02:43 CDT" time="15.655" errors="0">
  <testcase name="homepageNavigation" time="12.538" classname="Application.SampleProject.LoginScenarios"/>
  <system-out/>
  <testcase name="homepageNavigation" time="3.117" classname="Application.SampleProject.LoginScenarios"/>
  <system-out/>
</testsuite> <!-- Application.SampleProject.LoginScenarios -->
