<?xml version="1.0" encoding="UTF-8"?>
<!-- Generated by org.testng.reporters.JUnitReportReporter -->
<testsuite skipped="0" hostname="Sumiths-MBP-2.attlocal.net" name="Application.SampleProject.HomePage" tests="2" failures="0" timestamp="2021-10-12T13:55:19 CDT" time="12.534" errors="0">
  <testcase name="homepageNavigation" time="8.553" classname="Application.SampleProject.HomePage"/>
  <system-out/>
  <testcase name="homepageNavigation" time="3.981" classname="Application.SampleProject.HomePage"/>
  <system-out/>
</testsuite> <!-- Application.SampleProject.HomePage -->
