<?xml version="1.0" encoding="UTF-8"?>
<!-- Generated by org.testng.reporters.JUnitReportReporter -->
<testsuite skipped="0" hostname="Sumiths-MBP-2.attlocal.net" name="Application.SampleProject.ValidateMainMenu" tests="1" failures="0" timestamp="2021-10-13T11:02:43 CDT" time="6.573" errors="0">
  <testcase name="homepageNavigation" time="6.573" classname="Application.SampleProject.ValidateMainMenu"/>
  <system-out/>
</testsuite> <!-- Application.SampleProject.ValidateMainMenu -->
